  Main.cpp
C:\Users\16174\source\repos\Reds-Adventure-main\Reds-Adventure-main\Reds Adventure\Grandpa.h(20,19): warning C4244: '=': conversion from 'double' to 'int', possible loss of data
C:\Users\16174\source\repos\Reds-Adventure-main\Reds-Adventure-main\Reds Adventure\Grandpa.h(21,19): warning C4244: '=': conversion from 'double' to 'int', possible loss of data
C:\Users\16174\source\repos\Reds-Adventure-main\Reds-Adventure-main\Reds Adventure\Main.cpp(24,12): warning C4244: 'argument': conversion from 'time_t' to 'unsigned int', possible loss of data
C:\Users\16174\source\repos\Reds-Adventure-main\Reds-Adventure-main\Reds Adventure\Main.cpp(48,20): warning C4018: '<': signed/unsigned mismatch
C:\Users\16174\source\repos\Reds-Adventure-main\Reds-Adventure-main\Reds Adventure\Main.cpp(81,21): warning C4018: '<': signed/unsigned mismatch
C:\Users\16174\source\repos\Reds-Adventure-main\Reds-Adventure-main\Reds Adventure\Main.cpp(88,21): warning C4018: '<': signed/unsigned mismatch
C:\Users\16174\source\repos\Reds-Adventure-main\Reds-Adventure-main\Reds Adventure\Main.cpp(98,21): warning C4018: '<': signed/unsigned mismatch
C:\Users\16174\source\repos\Reds-Adventure-main\Reds-Adventure-main\Reds Adventure\Main.cpp(104,21): warning C4018: '<': signed/unsigned mismatch
C:\Users\16174\source\repos\Reds-Adventure-main\Reds-Adventure-main\Reds Adventure\Main.cpp(109,21): warning C4018: '<': signed/unsigned mismatch
C:\Program Files\Microsoft Visual Studio\2022\Community\VC\Tools\MSVC\14.31.31103\include\tuple(158,47): warning C4244: 'initializing': conversion from '_Ty' to '_Ty', possible loss of data
          with
          [
              _Ty=double
          ]
          and
          [
              _Ty=int
          ]
C:\Program Files\Microsoft Visual Studio\2022\Community\VC\Tools\MSVC\14.31.31103\include\tuple(245): message : see reference to function template instantiation 'std::_Tuple_val<_This>::_Tuple_val<_Ty>(_Other &&)' being compiled
          with
          [
              _This=int,
              _Ty=double,
              _Other=double
          ]
C:\Program Files\Microsoft Visual Studio\2022\Community\VC\Tools\MSVC\14.31.31103\include\tuple(245): message : see reference to function template instantiation 'std::_Tuple_val<_This>::_Tuple_val<_Ty>(_Other &&)' being compiled
          with
          [
              _This=int,
              _Ty=double,
              _Other=double
          ]
C:\Program Files\Microsoft Visual Studio\2022\Community\VC\Tools\MSVC\14.31.31103\include\tuple(860): message : see reference to function template instantiation 'std::tuple<int,int>::tuple<std::_Exact_args_t,double,double,0>(_Tag,_This2 &&,double &&)' being compiled
          with
          [
              _Tag=std::_Exact_args_t,
              _This2=double
          ]
C:\Program Files\Microsoft Visual Studio\2022\Community\VC\Tools\MSVC\14.31.31103\include\tuple(860): message : see reference to function template instantiation 'std::tuple<int,int>::tuple<std::_Exact_args_t,double,double,0>(_Tag,_This2 &&,double &&)' being compiled
          with
          [
              _Tag=std::_Exact_args_t,
              _This2=double
          ]
C:\Program Files\Microsoft Visual Studio\2022\Community\VC\Tools\MSVC\14.31.31103\include\tuple(252): message : see reference to function template instantiation 'std::tuple<int,int>::tuple<std::_Unpack_tuple_t,_Ty,0,1,0>(_Tag,_Tpl &&,std::integer_sequence<size_t,0,1>)' being compiled
          with
          [
              _Ty=std::tuple<double,double>,
              _Tag=std::_Unpack_tuple_t,
              _Tpl=std::tuple<double,double>
          ]
C:\Program Files\Microsoft Visual Studio\2022\Community\VC\Tools\MSVC\14.31.31103\include\tuple(252): message : see reference to function template instantiation 'std::tuple<int,int>::tuple<std::_Unpack_tuple_t,_Ty,0,1,0>(_Tag,_Tpl &&,std::integer_sequence<size_t,0,1>)' being compiled
          with
          [
              _Ty=std::tuple<double,double>,
              _Tag=std::_Unpack_tuple_t,
              _Tpl=std::tuple<double,double>
          ]
C:\Program Files\Microsoft Visual Studio\2022\Community\VC\Tools\MSVC\14.31.31103\include\tuple(379): message : see reference to function template instantiation 'std::tuple<int,int>::tuple<std::_Unpack_tuple_t,std::tuple<double,double>,0>(_Tag,_Tpl &&)' being compiled
          with
          [
              _Tag=std::_Unpack_tuple_t,
              _Tpl=std::tuple<double,double>
          ]
C:\Program Files\Microsoft Visual Studio\2022\Community\VC\Tools\MSVC\14.31.31103\include\tuple(379): message : see reference to function template instantiation 'std::tuple<int,int>::tuple<std::_Unpack_tuple_t,std::tuple<double,double>,0>(_Tag,_Tpl &&)' being compiled
          with
          [
              _Tag=std::_Unpack_tuple_t,
              _Tpl=std::tuple<double,double>
          ]
C:\Users\16174\source\repos\Reds-Adventure-main\Reds-Adventure-main\Reds Adventure\Main.cpp(77): message : see reference to function template instantiation 'std::tuple<int,int>::tuple<double,double,0>(std::tuple<double,double> &&) noexcept' being compiled
C:\Users\16174\source\repos\Reds-Adventure-main\Reds-Adventure-main\Reds Adventure\Main.cpp(77): message : see reference to function template instantiation 'std::tuple<int,int>::tuple<double,double,0>(std::tuple<double,double> &&) noexcept' being compiled
  Reds Adventure.vcxproj -> C:\Users\16174\source\repos\Reds-Adventure-main\Reds-Adventure-main\Debug\Reds Adventure.exe
